<?xml version="1.0" encoding="UTF-8"?>
<!-- Generated by org.testng.reporters.JUnitXMLReporter -->
<testsuite ignored="0" hostname="Hp" failures="0" tests="6" name="Test" time="30.962" errors="0" timestamp="2025-07-15T15:35:25 IST">
  <testcase classname="com.test.BaseAutomationTest" name="practiceTestPageTest" time="0.776"/>
  <testcase classname="com.test.LoginPageTest" name="loginAutomationTestPage" time="5.388"/>
  <testcase classname="com.test.LoginPageTest" name="loginAutomationTestPage" time="4.469"/>
  <testcase classname="com.test.LoginPageTest" name="loginAutomationTestPage" time="4.535"/>
  <testcase classname="com.test.LoginPageTest" name="loginAutomationTestPage" time="4.485"/>
  <testcase classname="com.test.LoginPageTest" name="loginAutomationTestPage" time="4.544"/>
</testsuite> <!-- Test -->
