<?xml version="1.0" encoding="UTF-8"?>
<!-- Generated by org.testng.reporters.JUnitXMLReporter -->
<testsuite ignored="0" hostname="Hp" failures="0" tests="6" name="Default test" time="30.303" errors="0" timestamp="2025-07-15T15:22:58 IST">
  <testcase classname="com.test.BaseAutomationTest" name="practiceTestPageTest" time="0.756"/>
  <testcase classname="com.test.LoginPageTest" name="loginAutomationTestPage" time="5.117"/>
  <testcase classname="com.test.LoginPageTest" name="loginAutomationTestPage" time="4.49"/>
  <testcase classname="com.test.LoginPageTest" name="loginAutomationTestPage" time="4.426"/>
  <testcase classname="com.test.LoginPageTest" name="loginAutomationTestPage" time="4.504"/>
  <testcase classname="com.test.LoginPageTest" name="loginAutomationTestPage" time="4.296"/>
</testsuite> <!-- Default test -->
