<?xml version="1.0" encoding="UTF-8"?>
<!-- Generated by org.testng.reporters.JUnitXMLReporter -->
<testsuite ignored="0" hostname="Hp" failures="0" tests="3" name="Default test" time="0.054" errors="0" timestamp="2025-07-14T14:59:31 IST">
  <testcase classname="com.service.LoginServiceTest" name="checkLoginDetailsTest" time="0.011"/>
  <testcase classname="com.service.LoginServiceTest" name="checkLoginDetailsTest" time="0.001"/>
  <testcase classname="com.service.LoginServiceTest" name="checkLoginDetailsTest" time="0.001"/>
</testsuite> <!-- Default test -->
