<?xml version="1.0" encoding="UTF-8"?>
<testng-results ignored="4" total="6" passed="2" failed="0" skipped="0">
  <reporter-output>
  </reporter-output>
  <suite started-at="2025-07-14T15:19:40 IST" name="Suite" finished-at="2025-07-14T15:19:40 IST" duration-ms="67">
    <groups>
      <group name="withdraw_functionality">
        <method signature="Hdfc.withdraw()[pri:0, instance:com.service.Hdfc@5af3afd9]" name="withdraw" class="com.service.Hdfc"/>
        <method signature="Sbi.withdraw()[pri:0, instance:com.service.Sbi@8dbdac1]" name="withdraw" class="com.service.Sbi"/>
      </group> <!-- withdraw_functionality -->
    </groups>
    <test started-at="2025-07-14T15:19:40 IST" name="Test" finished-at="2025-07-14T15:19:40 IST" duration-ms="67">
      <class name="com.service.Sbi">
        <test-method signature="withdraw()[pri:0, instance:com.service.Sbi@8dbdac1]" started-at="2025-07-14T15:19:40 IST" name="withdraw" finished-at="2025-07-14T15:19:40 IST" duration-ms="8" status="PASS">
          <reporter-output>
          </reporter-output>
        </test-method> <!-- withdraw -->
      </class> <!-- com.service.Sbi -->
      <class name="com.service.Hdfc">
        <test-method signature="withdraw()[pri:0, instance:com.service.Hdfc@5af3afd9]" started-at="2025-07-14T15:19:40 IST" name="withdraw" finished-at="2025-07-14T15:19:40 IST" duration-ms="3" status="PASS">
          <reporter-output>
          </reporter-output>
        </test-method> <!-- withdraw -->
      </class> <!-- com.service.Hdfc -->
    </test> <!-- Test -->
  </suite> <!-- Suite -->
</testng-results>
