<?xml version="1.0" encoding="UTF-8"?>
<testng-results ignored="0" total="3" passed="3" failed="0" skipped="0">
  <reporter-output>
  </reporter-output>
  <suite started-at="2025-07-14T14:59:31 IST" name="Default suite" finished-at="2025-07-14T14:59:31 IST" duration-ms="54">
    <groups>
    </groups>
    <test started-at="2025-07-14T14:59:31 IST" name="Default test" finished-at="2025-07-14T14:59:31 IST" duration-ms="54">
      <class name="com.service.LoginServiceTest">
        <test-method signature="checkLoginDetailsTest(java.lang.String,java.lang.String,java.lang.String)[pri:0, instance:com.service.LoginServiceTest@7b9a4292]" started-at="2025-07-14T14:59:31 IST" name="checkLoginDetailsTest" data-provider="loginData" finished-at="2025-07-14T14:59:31 IST" duration-ms="11" status="PASS">
          <params>
            <param index="0">
              <value>
                <![CDATA[admin@gmail.com]]>
              </value>
            </param>
            <param index="1">
              <value>
                <![CDATA[admin@123]]>
              </value>
            </param>
            <param index="2">
              <value>
                <![CDATA[Admin login successfully]]>
              </value>
            </param>
          </params>
          <reporter-output>
          </reporter-output>
        </test-method> <!-- checkLoginDetailsTest -->
        <test-method signature="checkLoginDetailsTest(java.lang.String,java.lang.String,java.lang.String)[pri:0, instance:com.service.LoginServiceTest@7b9a4292]" started-at="2025-07-14T14:59:31 IST" name="checkLoginDetailsTest" data-provider="loginData" finished-at="2025-07-14T14:59:31 IST" duration-ms="1" status="PASS">
          <params>
            <param index="0">
              <value>
                <![CDATA[raj@gmail.com]]>
              </value>
            </param>
            <param index="1">
              <value>
                <![CDATA[raj@123]]>
              </value>
            </param>
            <param index="2">
              <value>
                <![CDATA[Customer login successfully]]>
              </value>
            </param>
          </params>
          <reporter-output>
          </reporter-output>
        </test-method> <!-- checkLoginDetailsTest -->
        <test-method signature="checkLoginDetailsTest(java.lang.String,java.lang.String,java.lang.String)[pri:0, instance:com.service.LoginServiceTest@7b9a4292]" started-at="2025-07-14T14:59:31 IST" name="checkLoginDetailsTest" data-provider="loginData" finished-at="2025-07-14T14:59:31 IST" duration-ms="1" status="PASS">
          <params>
            <param index="0">
              <value>
                <![CDATA[ravi@gmail.com]]>
              </value>
            </param>
            <param index="1">
              <value>
                <![CDATA[ravi@123]]>
              </value>
            </param>
            <param index="2">
              <value>
                <![CDATA[InValid emailid or password]]>
              </value>
            </param>
          </params>
          <reporter-output>
          </reporter-output>
        </test-method> <!-- checkLoginDetailsTest -->
      </class> <!-- com.service.LoginServiceTest -->
    </test> <!-- Default test -->
  </suite> <!-- Default suite -->
</testng-results>
