<?xml version="1.0" encoding="UTF-8"?>
<testng-results ignored="0" total="6" passed="6" failed="0" skipped="0">
  <reporter-output>
  </reporter-output>
  <suite started-at="2025-07-15T15:22:28 IST" name="Default suite" finished-at="2025-07-15T15:22:58 IST" duration-ms="30303">
    <groups>
    </groups>
    <test started-at="2025-07-15T15:22:28 IST" name="Default test" finished-at="2025-07-15T15:22:58 IST" duration-ms="30303">
      <class name="com.test.LoginPageTest">
        <test-method is-config="true" signature="beforeMethod()[pri:0, instance:com.test.LoginPageTest@799f10e1]" started-at="2025-07-15T15:22:28 IST" name="beforeMethod" finished-at="2025-07-15T15:22:29 IST" duration-ms="1395" status="PASS">
          <reporter-output>
          </reporter-output>
        </test-method> <!-- beforeMethod -->
        <test-method signature="practiceTestPageTest()[pri:0, instance:com.test.LoginPageTest@799f10e1]" started-at="2025-07-15T15:22:29 IST" name="practiceTestPageTest" finished-at="2025-07-15T15:22:30 IST" duration-ms="756" status="PASS">
          <reporter-output>
          </reporter-output>
        </test-method> <!-- practiceTestPageTest -->
        <test-method is-config="true" signature="afterMethod()[pri:0, instance:com.test.LoginPageTest@799f10e1]" started-at="2025-07-15T15:22:30 IST" name="afterMethod" finished-at="2025-07-15T15:22:30 IST" duration-ms="174" status="PASS">
          <reporter-output>
          </reporter-output>
        </test-method> <!-- afterMethod -->
        <test-method is-config="true" signature="beforeMethod()[pri:0, instance:com.test.LoginPageTest@799f10e1]" started-at="2025-07-15T15:22:30 IST" name="beforeMethod" finished-at="2025-07-15T15:22:31 IST" duration-ms="882" status="PASS">
          <reporter-output>
          </reporter-output>
        </test-method> <!-- beforeMethod -->
        <test-method signature="loginAutomationTestPage(java.lang.String,java.lang.String,boolean,java.lang.String)[pri:0, instance:com.test.LoginPageTest@799f10e1]" started-at="2025-07-15T15:22:31 IST" name="loginAutomationTestPage" data-provider="dp" finished-at="2025-07-15T15:22:36 IST" duration-ms="5117" status="PASS">
          <params>
            <param index="0">
              <value>
                <![CDATA[student]]>
              </value>
            </param>
            <param index="1">
              <value>
                <![CDATA[Password123]]>
              </value>
            </param>
            <param index="2">
              <value>
                <![CDATA[true]]>
              </value>
            </param>
            <param index="3">
              <value>
                <![CDATA[]]>
              </value>
            </param>
          </params>
          <reporter-output>
          </reporter-output>
        </test-method> <!-- loginAutomationTestPage -->
        <test-method is-config="true" signature="afterMethod()[pri:0, instance:com.test.LoginPageTest@799f10e1]" started-at="2025-07-15T15:22:36 IST" name="afterMethod" finished-at="2025-07-15T15:22:36 IST" duration-ms="189" status="PASS">
          <reporter-output>
          </reporter-output>
        </test-method> <!-- afterMethod -->
        <test-method is-config="true" signature="beforeMethod()[pri:0, instance:com.test.LoginPageTest@799f10e1]" started-at="2025-07-15T15:22:36 IST" name="beforeMethod" finished-at="2025-07-15T15:22:37 IST" duration-ms="868" status="PASS">
          <reporter-output>
          </reporter-output>
        </test-method> <!-- beforeMethod -->
        <test-method signature="loginAutomationTestPage(java.lang.String,java.lang.String,boolean,java.lang.String)[pri:0, instance:com.test.LoginPageTest@799f10e1]" started-at="2025-07-15T15:22:37 IST" name="loginAutomationTestPage" data-provider="dp" finished-at="2025-07-15T15:22:42 IST" duration-ms="4490" status="PASS">
          <params>
            <param index="0">
              <value>
                <![CDATA[user1]]>
              </value>
            </param>
            <param index="1">
              <value>
                <![CDATA[Password123]]>
              </value>
            </param>
            <param index="2">
              <value>
                <![CDATA[false]]>
              </value>
            </param>
            <param index="3">
              <value>
                <![CDATA[Your username is invalid!]]>
              </value>
            </param>
          </params>
          <reporter-output>
          </reporter-output>
        </test-method> <!-- loginAutomationTestPage -->
        <test-method is-config="true" signature="afterMethod()[pri:0, instance:com.test.LoginPageTest@799f10e1]" started-at="2025-07-15T15:22:42 IST" name="afterMethod" finished-at="2025-07-15T15:22:42 IST" duration-ms="195" status="PASS">
          <reporter-output>
          </reporter-output>
        </test-method> <!-- afterMethod -->
        <test-method is-config="true" signature="beforeMethod()[pri:0, instance:com.test.LoginPageTest@799f10e1]" started-at="2025-07-15T15:22:42 IST" name="beforeMethod" finished-at="2025-07-15T15:22:43 IST" duration-ms="819" status="PASS">
          <reporter-output>
          </reporter-output>
        </test-method> <!-- beforeMethod -->
        <test-method signature="loginAutomationTestPage(java.lang.String,java.lang.String,boolean,java.lang.String)[pri:0, instance:com.test.LoginPageTest@799f10e1]" started-at="2025-07-15T15:22:43 IST" name="loginAutomationTestPage" data-provider="dp" finished-at="2025-07-15T15:22:47 IST" duration-ms="4426" status="PASS">
          <params>
            <param index="0">
              <value>
                <![CDATA[student]]>
              </value>
            </param>
            <param index="1">
              <value>
                <![CDATA[student@123]]>
              </value>
            </param>
            <param index="2">
              <value>
                <![CDATA[false]]>
              </value>
            </param>
            <param index="3">
              <value>
                <![CDATA[Your password is invalid!]]>
              </value>
            </param>
          </params>
          <reporter-output>
          </reporter-output>
        </test-method> <!-- loginAutomationTestPage -->
        <test-method is-config="true" signature="afterMethod()[pri:0, instance:com.test.LoginPageTest@799f10e1]" started-at="2025-07-15T15:22:47 IST" name="afterMethod" finished-at="2025-07-15T15:22:47 IST" duration-ms="211" status="PASS">
          <reporter-output>
          </reporter-output>
        </test-method> <!-- afterMethod -->
        <test-method is-config="true" signature="beforeMethod()[pri:0, instance:com.test.LoginPageTest@799f10e1]" started-at="2025-07-15T15:22:47 IST" name="beforeMethod" finished-at="2025-07-15T15:22:48 IST" duration-ms="798" status="PASS">
          <reporter-output>
          </reporter-output>
        </test-method> <!-- beforeMethod -->
        <test-method signature="loginAutomationTestPage(java.lang.String,java.lang.String,boolean,java.lang.String)[pri:0, instance:com.test.LoginPageTest@799f10e1]" started-at="2025-07-15T15:22:48 IST" name="loginAutomationTestPage" data-provider="dp" finished-at="2025-07-15T15:22:53 IST" duration-ms="4504" status="PASS">
          <params>
            <param index="0">
              <value>
                <![CDATA[]]>
              </value>
            </param>
            <param index="1">
              <value>
                <![CDATA[Password123]]>
              </value>
            </param>
            <param index="2">
              <value>
                <![CDATA[false]]>
              </value>
            </param>
            <param index="3">
              <value>
                <![CDATA[Your username is invalid!]]>
              </value>
            </param>
          </params>
          <reporter-output>
          </reporter-output>
        </test-method> <!-- loginAutomationTestPage -->
        <test-method is-config="true" signature="afterMethod()[pri:0, instance:com.test.LoginPageTest@799f10e1]" started-at="2025-07-15T15:22:53 IST" name="afterMethod" finished-at="2025-07-15T15:22:53 IST" duration-ms="173" status="PASS">
          <reporter-output>
          </reporter-output>
        </test-method> <!-- afterMethod -->
        <test-method is-config="true" signature="beforeMethod()[pri:0, instance:com.test.LoginPageTest@799f10e1]" started-at="2025-07-15T15:22:53 IST" name="beforeMethod" finished-at="2025-07-15T15:22:54 IST" duration-ms="811" status="PASS">
          <reporter-output>
          </reporter-output>
        </test-method> <!-- beforeMethod -->
        <test-method signature="loginAutomationTestPage(java.lang.String,java.lang.String,boolean,java.lang.String)[pri:0, instance:com.test.LoginPageTest@799f10e1]" started-at="2025-07-15T15:22:54 IST" name="loginAutomationTestPage" data-provider="dp" finished-at="2025-07-15T15:22:58 IST" duration-ms="4296" status="PASS">
          <params>
            <param index="0">
              <value>
                <![CDATA[student]]>
              </value>
            </param>
            <param index="1">
              <value>
                <![CDATA[]]>
              </value>
            </param>
            <param index="2">
              <value>
                <![CDATA[false]]>
              </value>
            </param>
            <param index="3">
              <value>
                <![CDATA[Your password is invalid!]]>
              </value>
            </param>
          </params>
          <reporter-output>
          </reporter-output>
        </test-method> <!-- loginAutomationTestPage -->
        <test-method is-config="true" signature="afterMethod()[pri:0, instance:com.test.LoginPageTest@799f10e1]" started-at="2025-07-15T15:22:58 IST" name="afterMethod" finished-at="2025-07-15T15:22:58 IST" duration-ms="151" status="PASS">
          <reporter-output>
          </reporter-output>
        </test-method> <!-- afterMethod -->
      </class> <!-- com.test.LoginPageTest -->
    </test> <!-- Default test -->
  </suite> <!-- Default suite -->
</testng-results>
