<?xml version="1.0" encoding="UTF-8"?>
<testng-results ignored="0" total="6" passed="6" failed="0" skipped="0">
  <reporter-output>
  </reporter-output>
  <suite started-at="2025-07-15T15:34:54 IST" name="Suite" finished-at="2025-07-15T15:35:25 IST" duration-ms="30962">
    <groups>
    </groups>
    <test started-at="2025-07-15T15:34:54 IST" name="Test" finished-at="2025-07-15T15:35:25 IST" duration-ms="30962">
      <class name="com.test.LoginPageTest">
        <test-method is-config="true" signature="beforeMethod()[pri:0, instance:com.test.LoginPageTest@5b8dfcc1]" started-at="2025-07-15T15:34:54 IST" name="beforeMethod" finished-at="2025-07-15T15:34:56 IST" duration-ms="1427" status="PASS">
          <reporter-output>
          </reporter-output>
        </test-method> <!-- beforeMethod -->
        <test-method signature="practiceTestPageTest()[pri:0, instance:com.test.LoginPageTest@5b8dfcc1]" started-at="2025-07-15T15:34:56 IST" name="practiceTestPageTest" finished-at="2025-07-15T15:34:57 IST" duration-ms="776" status="PASS">
          <reporter-output>
          </reporter-output>
        </test-method> <!-- practiceTestPageTest -->
        <test-method is-config="true" signature="afterMethod()[pri:0, instance:com.test.LoginPageTest@5b8dfcc1]" started-at="2025-07-15T15:34:57 IST" name="afterMethod" finished-at="2025-07-15T15:34:57 IST" duration-ms="157" status="PASS">
          <reporter-output>
          </reporter-output>
        </test-method> <!-- afterMethod -->
        <test-method is-config="true" signature="beforeMethod()[pri:0, instance:com.test.LoginPageTest@5b8dfcc1]" started-at="2025-07-15T15:34:57 IST" name="beforeMethod" finished-at="2025-07-15T15:34:58 IST" duration-ms="806" status="PASS">
          <reporter-output>
          </reporter-output>
        </test-method> <!-- beforeMethod -->
        <test-method signature="loginAutomationTestPage(java.lang.String,java.lang.String,boolean,java.lang.String)[pri:0, instance:com.test.LoginPageTest@5b8dfcc1]" started-at="2025-07-15T15:34:58 IST" name="loginAutomationTestPage" data-provider="dp" finished-at="2025-07-15T15:35:03 IST" duration-ms="5388" status="PASS">
          <params>
            <param index="0">
              <value>
                <![CDATA[student]]>
              </value>
            </param>
            <param index="1">
              <value>
                <![CDATA[Password123]]>
              </value>
            </param>
            <param index="2">
              <value>
                <![CDATA[true]]>
              </value>
            </param>
            <param index="3">
              <value>
                <![CDATA[]]>
              </value>
            </param>
          </params>
          <reporter-output>
          </reporter-output>
        </test-method> <!-- loginAutomationTestPage -->
        <test-method is-config="true" signature="afterMethod()[pri:0, instance:com.test.LoginPageTest@5b8dfcc1]" started-at="2025-07-15T15:35:03 IST" name="afterMethod" finished-at="2025-07-15T15:35:03 IST" duration-ms="199" status="PASS">
          <reporter-output>
          </reporter-output>
        </test-method> <!-- afterMethod -->
        <test-method is-config="true" signature="beforeMethod()[pri:0, instance:com.test.LoginPageTest@5b8dfcc1]" started-at="2025-07-15T15:35:03 IST" name="beforeMethod" finished-at="2025-07-15T15:35:04 IST" duration-ms="809" status="PASS">
          <reporter-output>
          </reporter-output>
        </test-method> <!-- beforeMethod -->
        <test-method signature="loginAutomationTestPage(java.lang.String,java.lang.String,boolean,java.lang.String)[pri:0, instance:com.test.LoginPageTest@5b8dfcc1]" started-at="2025-07-15T15:35:04 IST" name="loginAutomationTestPage" data-provider="dp" finished-at="2025-07-15T15:35:08 IST" duration-ms="4469" status="PASS">
          <params>
            <param index="0">
              <value>
                <![CDATA[user1]]>
              </value>
            </param>
            <param index="1">
              <value>
                <![CDATA[Password123]]>
              </value>
            </param>
            <param index="2">
              <value>
                <![CDATA[false]]>
              </value>
            </param>
            <param index="3">
              <value>
                <![CDATA[Your username is invalid!]]>
              </value>
            </param>
          </params>
          <reporter-output>
          </reporter-output>
        </test-method> <!-- loginAutomationTestPage -->
        <test-method is-config="true" signature="afterMethod()[pri:0, instance:com.test.LoginPageTest@5b8dfcc1]" started-at="2025-07-15T15:35:08 IST" name="afterMethod" finished-at="2025-07-15T15:35:09 IST" duration-ms="183" status="PASS">
          <reporter-output>
          </reporter-output>
        </test-method> <!-- afterMethod -->
        <test-method is-config="true" signature="beforeMethod()[pri:0, instance:com.test.LoginPageTest@5b8dfcc1]" started-at="2025-07-15T15:35:09 IST" name="beforeMethod" finished-at="2025-07-15T15:35:09 IST" duration-ms="793" status="PASS">
          <reporter-output>
          </reporter-output>
        </test-method> <!-- beforeMethod -->
        <test-method signature="loginAutomationTestPage(java.lang.String,java.lang.String,boolean,java.lang.String)[pri:0, instance:com.test.LoginPageTest@5b8dfcc1]" started-at="2025-07-15T15:35:09 IST" name="loginAutomationTestPage" data-provider="dp" finished-at="2025-07-15T15:35:14 IST" duration-ms="4535" status="PASS">
          <params>
            <param index="0">
              <value>
                <![CDATA[student]]>
              </value>
            </param>
            <param index="1">
              <value>
                <![CDATA[student@123]]>
              </value>
            </param>
            <param index="2">
              <value>
                <![CDATA[false]]>
              </value>
            </param>
            <param index="3">
              <value>
                <![CDATA[Your password is invalid!]]>
              </value>
            </param>
          </params>
          <reporter-output>
          </reporter-output>
        </test-method> <!-- loginAutomationTestPage -->
        <test-method is-config="true" signature="afterMethod()[pri:0, instance:com.test.LoginPageTest@5b8dfcc1]" started-at="2025-07-15T15:35:14 IST" name="afterMethod" finished-at="2025-07-15T15:35:14 IST" duration-ms="240" status="PASS">
          <reporter-output>
          </reporter-output>
        </test-method> <!-- afterMethod -->
        <test-method is-config="true" signature="beforeMethod()[pri:0, instance:com.test.LoginPageTest@5b8dfcc1]" started-at="2025-07-15T15:35:14 IST" name="beforeMethod" finished-at="2025-07-15T15:35:15 IST" duration-ms="857" status="PASS">
          <reporter-output>
          </reporter-output>
        </test-method> <!-- beforeMethod -->
        <test-method signature="loginAutomationTestPage(java.lang.String,java.lang.String,boolean,java.lang.String)[pri:0, instance:com.test.LoginPageTest@5b8dfcc1]" started-at="2025-07-15T15:35:15 IST" name="loginAutomationTestPage" data-provider="dp" finished-at="2025-07-15T15:35:20 IST" duration-ms="4485" status="PASS">
          <params>
            <param index="0">
              <value>
                <![CDATA[]]>
              </value>
            </param>
            <param index="1">
              <value>
                <![CDATA[Password123]]>
              </value>
            </param>
            <param index="2">
              <value>
                <![CDATA[false]]>
              </value>
            </param>
            <param index="3">
              <value>
                <![CDATA[Your username is invalid!]]>
              </value>
            </param>
          </params>
          <reporter-output>
          </reporter-output>
        </test-method> <!-- loginAutomationTestPage -->
        <test-method is-config="true" signature="afterMethod()[pri:0, instance:com.test.LoginPageTest@5b8dfcc1]" started-at="2025-07-15T15:35:20 IST" name="afterMethod" finished-at="2025-07-15T15:35:20 IST" duration-ms="221" status="PASS">
          <reporter-output>
          </reporter-output>
        </test-method> <!-- afterMethod -->
        <test-method is-config="true" signature="beforeMethod()[pri:0, instance:com.test.LoginPageTest@5b8dfcc1]" started-at="2025-07-15T15:35:20 IST" name="beforeMethod" finished-at="2025-07-15T15:35:21 IST" duration-ms="803" status="PASS">
          <reporter-output>
          </reporter-output>
        </test-method> <!-- beforeMethod -->
        <test-method signature="loginAutomationTestPage(java.lang.String,java.lang.String,boolean,java.lang.String)[pri:0, instance:com.test.LoginPageTest@5b8dfcc1]" started-at="2025-07-15T15:35:21 IST" name="loginAutomationTestPage" data-provider="dp" finished-at="2025-07-15T15:35:25 IST" duration-ms="4544" status="PASS">
          <params>
            <param index="0">
              <value>
                <![CDATA[student]]>
              </value>
            </param>
            <param index="1">
              <value>
                <![CDATA[]]>
              </value>
            </param>
            <param index="2">
              <value>
                <![CDATA[false]]>
              </value>
            </param>
            <param index="3">
              <value>
                <![CDATA[Your password is invalid!]]>
              </value>
            </param>
          </params>
          <reporter-output>
          </reporter-output>
        </test-method> <!-- loginAutomationTestPage -->
        <test-method is-config="true" signature="afterMethod()[pri:0, instance:com.test.LoginPageTest@5b8dfcc1]" started-at="2025-07-15T15:35:25 IST" name="afterMethod" finished-at="2025-07-15T15:35:25 IST" duration-ms="216" status="PASS">
          <reporter-output>
          </reporter-output>
        </test-method> <!-- afterMethod -->
      </class> <!-- com.test.LoginPageTest -->
    </test> <!-- Test -->
  </suite> <!-- Suite -->
</testng-results>
