<?xml version="1.0" encoding="UTF-8"?>
<!-- Generated by org.testng.reporters.JUnitXMLReporter -->
<testsuite ignored="2" hostname="Hp" failures="0" tests="2" name="Test" time="0.047" errors="0" timestamp="2025-07-14T14:34:28 IST">
  <testcase classname="com.service.TestNGHookFunctions" name="f" time="0.007"/>
  <testcase classname="com.service.OperationTest" name="addTest" time="0.003"/>
  <testcase classname="com.service.TestNGHookFunctions" name="f1" time="0.0">
    <ignored/>
  </testcase> <!-- f1 -->
  <testcase classname="com.service.OperationTest" name="subTest" time="0.0">
    <ignored/>
  </testcase> <!-- subTest -->
</testsuite> <!-- Test -->
