<?xml version="1.0" encoding="UTF-8"?>
<!-- Generated by org.testng.reporters.JUnitXMLReporter -->
<testsuite ignored="4" hostname="Hp" failures="0" tests="2" name="Test" time="0.067" errors="0" timestamp="2025-07-14T15:19:40 IST">
  <testcase classname="com.service.Sbi" name="withdraw" time="0.008"/>
  <testcase classname="com.service.Hdfc" name="withdraw" time="0.003"/>
  <testcase classname="com.service.Sbi" name="transfer" time="0.0">
    <ignored/>
  </testcase> <!-- transfer -->
  <testcase classname="com.service.Sbi" name="deposit" time="0.0">
    <ignored/>
  </testcase> <!-- deposit -->
  <testcase classname="com.service.Hdfc" name="deposit" time="0.0">
    <ignored/>
  </testcase> <!-- deposit -->
  <testcase classname="com.service.Hdfc" name="transfer" time="0.0">
    <ignored/>
  </testcase> <!-- transfer -->
</testsuite> <!-- Test -->
